20
5 The Waiver Wire
Popa Florentina 6.00
Popescu Anca 10.00
Pop Anamaria 6.00
Radu Simona 2.00
Dumitru Iulian 1.00

5 Vandelay Industries
Stan Octavian 4.00
Stoica Cornel 0.00
Gheorghe Tudor 6.00
Matei Andrea 3.00
Ciobanu Stefania 1.00

5 The Big Egos
Ionescu Luminita 8.00
Rusu Cornelia 7.00
Mihai Levente 5.00
Serban Lavinia 3.00
Constantin Ilie 7.00

5 Ibuprofen and Ben Gay
Marin Timea 4.00
Stefan Mihai-Alexandru 9.00
Lazar Istvan 10.00
Vasile Teodora 2.00
Munteanu Eugen 0.00

5 Chafing the Dream
Ilie Ionut-Alexandru 10.00
Oprea Zsolt 8.00
Toma Ioana-Maria 5.00
Florea Andreea-Cristina 0.00
Moldovan Emilia 4.00

5 Chunky Monkees
Tudor Ioana-Alexandra 6.00
Stanci Ancuta 0.00
Sandu Alexandru-Ionut 10.00
Ion Viorica 3.00
Andrei Sergiu 10.00

5 The Abusement Park
Dinu Anca-Maria 10.00
Ungureanu Violeta 7.00
Anghel Roxana-Elena 10.00
Barbu Zoltan 3.00
Cristea Alexandra-Maria 7.00

5 Defending Champs
Ionita Silvia 9.00
Neagu Veronica 7.00
Enache Marinela 8.00
Badea Cristina-Maria 2.00
Dragomir Rodica 10.00

5 Shooting Stars
Vlad Cristina-Elena 7.00
Mocanu Vasilica 10.00
Grigore Victor 4.00
Voicu Alina-Mihaela 1.00
Balan Ileana 0.00

5 MO si F.O.C.A
Craciun Andreea-Maria 10.00
Ivan Adina 4.00
Dobre Attila 9.00
Iordache Liviu 7.00
Cojocaru Petru 6.00

5 The Skyrynners
Muresan Maria-Cristina 8.00
Lupu Paul 6.00
Tanase Alina-Maria 2.00
Preda Dragos 2.00
Coman Silviu 7.00

5 Konfetti
Petre Alina-Elena 6.00
Lungu Elena-Cristina 6.00
Ene Mircea 5.00
Manea Laurentiu 5.00
Nagy Georgeta 7.00

5 Savage
Nicolae Oana-Maria 4.00
Roman Camelia 4.00
Dumitrescu Andreea-Elena 4.00
Simion Dan 3.00
Iancu Costel 6.00

5 Pufuletii
Iacob Robert 9.00
Nistor Catalina 10.00
Nita Carmen 2.00
Olteanu Claudiu 4.00
Rosu Alin 1.00

5 Legalize
Pavel Valentina 0.00
Filip Viorel 10.00
Bucur Iulia 9.00
Avram Ovidiu 4.00
Stoian Florina 0.00

5 Black swans
Rus Laura 10.00
Dragan Vlad 1.00
Stancu Razvan 2.00
Luca Radu 6.00
Calin Liliana 9.00

5 Elixir Junior
Diaconu Ramona 7.00
David Dumitru 1.00
Szabo Ana 4.00
Cretu Ciprian 9.00
Costea Corina 3.00

5 Mistretii Atomici
Ghita Cosmin 9.00
Marcu Sorin 2.00
Rotaru Loredana 10.00
Zaharia Claudia 3.00
Paun Monica 7.00

5 Winner
Baciu Iuliana 6.00
Neacsu Madalina 8.00
Suciu Raluca 9.00
Dan Ionel 8.00
Alexandru Lucian 9.00

5 Cei 3 muschetari
Nedelcu Roxana 4.00
Georgescu Oana 5.00
Muntean Irina 9.00
Costache Diana 5.00
Marinescu Mirela 9.00

