25
4 The Waiver Wire
Popa Florentina 6.00
Popescu Anca 10.00
Pop Anamaria 6.00
Radu Simona 2.00

4 Don’t Stop Ballieving
Dumitru Cornel 1.00
Stan Tudor 4.00
Stoica Andrea 0.00
Gheorghe Stefania 6.00

4 Son of Pitch
Matei Levente 3.00
Ciobanu Lavinia 1.00
Ionescu Ilie 8.00
Rusu Octavian 7.00

4 Fargo Woodchippers
Mihai Teodora 5.00
Serban Eugen 3.00
Constantin Luminita 7.00
Marin Cornelia 4.00

4 Honey Badgers
Stefan Emilia 9.00
Lazar Timea 10.00
Vasile Mihai-Alexandru 2.00
Munteanu Istvan 0.00

4 Chafing the Dream
Ilie Ionut-Alexandru 10.00
Oprea Zsolt 8.00
Toma Ioana-Maria 5.00
Florea Andreea-Cristina 0.00

4 Gangs of New Pork
Moldovan Ancuta 4.00
Tudor Alexandru-Ionut 6.00
Stanci Viorica 0.00
Sandu Sergiu 10.00

4 The Drifters
Ion Roxana-Elena 3.00
Andrei Zoltan 10.00
Dinu Alexandra-Maria 10.00
Ungureanu Ioana-Alexandra 7.00

4 Wonder Women
Anghel Cristina-Maria 10.00
Barbu Rodica 3.00
Cristea Anca-Maria 7.00
Ionita Violeta 9.00

4 Ferocious Killers
Neagu Ileana 7.00
Enache Silvia 8.00
Badea Veronica 2.00
Dragomir Marinela 10.00

4 Shooting Stars
Vlad Cristina-Elena 7.00
Mocanu Vasilica 10.00
Grigore Victor 4.00
Voicu Alina-Mihaela 1.00

4 Extrem Boys
Balan Adina 0.00
Craciun Attila 10.00
Ivan Liviu 4.00
Dobre Petru 9.00

4 4Team
Iordache Alina-Maria 7.00
Cojocaru Dragos 6.00
Muresan Silviu 8.00
Lupu Andreea-Maria 6.00

4 Loly & Boly
Tanase Laurentiu 2.00
Preda Georgeta 2.00
Coman Maria-Cristina 7.00
Petre Paul 6.00

4 Clanu Nicula
Lungu Costel 6.00
Ene Alina-Elena 5.00
Manea Elena-Cristina 5.00
Nagy Mircea 7.00

4 Savage
Nicolae Oana-Maria 4.00
Roman Camelia 4.00
Dumitrescu Andreea-Elena 4.00
Simion Dan 3.00

4 Flavius*2
Iancu Catalina 6.00
Iacob Carmen 9.00
Nistor Claudiu 10.00
Nita Alin 2.00

4 Romanian Survivers Team
Olteanu Iulia 4.00
Rosu Ovidiu 1.00
Pavel Florina 0.00
Filip Robert 10.00

4 Pic si Poc
Bucur Radu 9.00
Avram Liliana 4.00
Stoian Valentina 0.00
Rus Viorel 10.00

4 Tunetul
Dragan Corina 1.00
Stancu Laura 2.00
Luca Vlad 6.00
Calin Razvan 9.00

4 Elixir Junior
Diaconu Ramona 7.00
David Dumitru 1.00
Szabo Ana 4.00
Cretu Ciprian 9.00

4 Monster
Costea Sorin 3.00
Ghita Loredana 9.00
Marcu Claudia 2.00
Rotaru Monica 10.00

4 TNT
Zaharia Raluca 3.00
Paun Ionel 7.00
Baciu Lucian 6.00
Neacsu Cosmin 8.00

4 Sirenele
Suciu Diana 9.00
Dan Mirela 8.00
Alexandru Iuliana 9.00
Nedelcu Madalina 4.00

4 Cei 4 fantastici
Georgescu Iulian 5.00
Muntean Roxana 9.00
Costache Oana 5.00
Marinescu Irina 9.00

