50
2 The Waiver Wire
Popa Florentina 6.00
Popescu Anca 10.00

2 That Better Team
Pop Andrea 6.00
Radu Stefania 2.00

2 Don’t Stop Ballieving
Dumitru Cornel 1.00
Stan Tudor 4.00

2 We Got the Runs
Stoica Ilie 0.00
Gheorghe Octavian 6.00

2 Son of Pitch
Matei Levente 3.00
Ciobanu Lavinia 1.00

2 The Big Egos
Ionescu Luminita 8.00
Rusu Cornelia 7.00

2 Fargo Woodchippers
Mihai Teodora 5.00
Serban Eugen 3.00

2 Between a Walk and a Hard Pace
Constantin Mihai-Alexandru 7.00
Marin Istvan 4.00

2 Honey Badgers
Stefan Emilia 9.00
Lazar Timea 10.00

2 Awkward Armadillos
Vasile Ioana-Maria 2.00
Munteanu Andreea-Cristina 0.00

2 Chafing the Dream
Ilie Ionut-Alexandru 10.00
Oprea Zsolt 8.00

2 We Talk A Lot
Toma Viorica 5.00
Florea Sergiu 0.00

2 Gangs of New Pork
Moldovan Ancuta 4.00
Tudor Alexandru-Ionut 6.00

2 Mad Cow Disease
Stanci Alexandra-Maria 0.00
Sandu Ioana-Alexandra 10.00

2 The Drifters
Ion Roxana-Elena 3.00
Andrei Zoltan 10.00

2 The Abusement Park
Dinu Anca-Maria 10.00
Ungureanu Violeta 7.00

2 Wonder Women
Anghel Cristina-Maria 10.00
Barbu Rodica 3.00

2 Goal Diggers
Cristea Veronica 7.00
Ionita Marinela 9.00

2 Ferocious Killers
Neagu Ileana 7.00
Enache Silvia 8.00

2 Fear the Fearless
Badea Victor 2.00
Dragomir Alina-Mihaela 10.00

2 Shooting Stars
Vlad Cristina-Elena 7.00
Mocanu Vasilica 10.00

2 Jiga Dragos
Grigore Liviu 4.00
Voicu Petru 1.00

2 Extrem Boys
Balan Adina 0.00
Craciun Attila 10.00

2 Castigatorii
Ivan Silviu 4.00
Dobre Andreea-Maria 9.00

2 4Team
Iordache Alina-Maria 7.00
Cojocaru Dragos 6.00

2 The Skyrynners
Muresan Maria-Cristina 8.00
Lupu Paul 6.00

2 Loly & Boly
Tanase Laurentiu 2.00
Preda Georgeta 2.00

2 Night Eagels
Coman Elena-Cristina 7.00
Petre Mircea 6.00

2 Clanu Nicula
Lungu Costel 6.00
Ene Alina-Elena 5.00

2 Eugenia
Manea Andreea-Elena 5.00
Nagy Dan 7.00

2 Savage
Nicolae Oana-Maria 4.00
Roman Camelia 4.00

2 Pink Flowers
Dumitrescu Claudiu 4.00
Simion Alin 3.00

2 Flavius*2
Iancu Catalina 6.00
Iacob Carmen 9.00

2 Do Not Stop
Nistor Florina 10.00
Nita Robert 2.00

2 Romanian Survivers Team
Olteanu Iulia 4.00
Rosu Ovidiu 1.00

2 Legalize
Pavel Valentina 0.00
Filip Viorel 10.00

2 Pic si Poc
Bucur Radu 9.00
Avram Liliana 4.00

2 Big Hands Hit Hard
Stoian Vlad 0.00
Rus Razvan 10.00

2 Tunetul
Dragan Corina 1.00
Stancu Laura 2.00

2 L & M
Luca Ana 6.00
Calin Ciprian 9.00

2 Elixir Junior
Diaconu Ramona 7.00
David Dumitru 1.00

2 Cozonacu si Stomacu
Szabo Claudia 4.00
Cretu Monica 9.00

2 Monster
Costea Sorin 3.00
Ghita Loredana 9.00

2 Cota 50
Marcu Lucian 2.00
Rotaru Cosmin 10.00

2 TNT
Zaharia Raluca 3.00
Paun Ionel 7.00

2 Winner
Baciu Iuliana 6.00
Neacsu Madalina 8.00

2 Sirenele
Suciu Diana 9.00
Dan Mirela 8.00

2 Cercetasele
Alexandru Oana 9.00
Nedelcu Irina 4.00

2 Cei 4 fantastici
Georgescu Iulian 5.00
Muntean Roxana 9.00

2 Fratii Camataru
Costache Anamaria 5.00
Marinescu Simona 9.00

